[0512/164702.507:ERROR:process_memory_win.cc(73)] ReadMemory at 0x7ff7304b0000 of 64 bytes failed: Запрос ReadProcessMemory или WriteProcessMemory был выполнен только частично. (0x12B)
[0512/164702.511:WARNING:pe_image_reader.cc(340)] could not read dos header from C:\Program Files (x86)\Google\Chrome\Application\chrome.exe
[0512/164702.512:ERROR:process_memory_win.cc(73)] ReadMemory at 0x7ff9dd160000 of 64 bytes failed: Запрос ReadProcessMemory или WriteProcessMemory был выполнен только частично. (0x12B)
[0512/164702.512:WARNING:pe_image_reader.cc(340)] could not read dos header from C:\Windows\SYSTEM32\ntdll.dll
[0512/164702.512:ERROR:process_memory_win.cc(73)] ReadMemory at 0x7ff9dbc20000 of 64 bytes failed: Запрос ReadProcessMemory или WriteProcessMemory был выполнен только частично. (0x12B)
[0512/164702.513:WARNING:pe_image_reader.cc(340)] could not read dos header from C:\Windows\System32\KERNEL32.DLL
[0512/164702.513:ERROR:process_memory_win.cc(73)] ReadMemory at 0x7ff9da4e0000 of 64 bytes failed: Запрос ReadProcessMemory или WriteProcessMemory был выполнен только частично. (0x12B)
[0512/164702.513:WARNING:pe_image_reader.cc(340)] could not read dos header from C:\Windows\System32\KERNELBASE.dll
[0512/164702.514:ERROR:process_memory_win.cc(73)] ReadMemory at 0x7ff9cbb30000 of 64 bytes failed: Запрос ReadProcessMemory или WriteProcessMemory был выполнен только частично. (0x12B)
[0512/164702.514:WARNING:pe_image_reader.cc(340)] could not read dos header from C:\Program Files (x86)\Google\Chrome\Application\81.0.4044.138\chrome_elf.dll
[0512/164702.514:ERROR:process_memory_win.cc(73)] ReadMemory at 0x7ff9d54d0000 of 64 bytes failed: Запрос ReadProcessMemory или WriteProcessMemory был выполнен только частично. (0x12B)
[0512/164702.514:WARNING:pe_image_reader.cc(340)] could not read dos header from C:\Windows\SYSTEM32\VERSION.dll
[0512/164702.515:ERROR:process_memory_win.cc(73)] ReadMemory at 0x7ff9db5a0000 of 64 bytes failed: Запрос ReadProcessMemory или WriteProcessMemory был выполнен только частично. (0x12B)
[0512/164702.515:WARNING:pe_image_reader.cc(340)] could not read dos header from C:\Windows\System32\msvcrt.dll
[0512/164702.516:ERROR:process_memory_win.cc(73)] ReadMemory at 0x7ff9daf60000 of 64 bytes failed: Запрос ReadProcessMemory или WriteProcessMemory был выполнен только частично. (0x12B)
[0512/164702.516:WARNING:pe_image_reader.cc(340)] could not read dos header from C:\Windows\System32\bcryptPrimitives.dll
[0512/164702.516:ERROR:process_memory_win.cc(73)] ReadMemory at 0x7ff9dbb50000 of 64 bytes failed: Запрос ReadProcessMemory или WriteProcessMemory был выполнен только частично. (0x12B)
[0512/164702.516:WARNING:pe_image_reader.cc(340)] could not read dos header from C:\Windows\System32\ADVAPI32.dll
[0512/164702.516:ERROR:process_memory_win.cc(73)] ReadMemory at 0x7ff9dcbd0000 of 64 bytes failed: Запрос ReadProcessMemory или WriteProcessMemory был выполнен только частично. (0x12B)
[0512/164702.516:WARNING:pe_image_reader.cc(340)] could not read dos header from C:\Windows\System32\sechost.dll
[0512/164702.517:ERROR:process_memory_win.cc(73)] ReadMemory at 0x20dcb760000 of 64 bytes failed: Запрос ReadProcessMemory или WriteProcessMemory был выполнен только частично. (0x12B)
[0512/164702.517:WARNING:pe_image_reader.cc(340)] could not read dos header from C:\Windows\System32\RPCRT4.dll
[0512/164702.517:ERROR:process_memory_win.cc(73)] ReadMemory at 0x7ff9a5360000 of 64 bytes failed: Запрос ReadProcessMemory или WriteProcessMemory был выполнен только частично. (0x12B)
[0512/164702.517:WARNING:pe_image_reader.cc(340)] could not read dos header from C:\Program Files (x86)\Google\Chrome\Application\81.0.4044.138\chrome.dll
[0512/164702.517:ERROR:process_memory_win.cc(73)] ReadMemory at 0x7ff9dccd0000 of 64 bytes failed: Запрос ReadProcessMemory или WriteProcessMemory был выполнен только частично. (0x12B)
[0512/164702.517:WARNING:pe_image_reader.cc(340)] could not read dos header from C:\Windows\System32\WS2_32.dll
[0512/164702.517:ERROR:process_memory_win.cc(73)] ReadMemory at 0x7ff9db640000 of 64 bytes failed: Запрос ReadProcessMemory или WriteProcessMemory был выполнен только частично. (0x12B)
[0512/164702.518:WARNING:pe_image_reader.cc(340)] could not read dos header from C:\Windows\System32\OLEAUT32.dll
[0512/164702.518:ERROR:process_memory_win.cc(73)] ReadMemory at 0x7ff9da1f0000 of 64 bytes failed: Запрос ReadProcessMemory или WriteProcessMemory был выполнен только частично. (0x12B)
[0512/164702.518:WARNING:pe_image_reader.cc(340)] could not read dos header from C:\Windows\System32\msvcp_win.dll
[0512/164702.518:ERROR:process_memory_win.cc(73)] ReadMemory at 0x7ff9da0c0000 of 64 bytes failed: Запрос ReadProcessMemory или WriteProcessMemory был выполнен только частично. (0x12B)
[0512/164702.518:WARNING:pe_image_reader.cc(340)] could not read dos header from C:\Windows\System32\ucrtbase.dll
[0512/164702.518:ERROR:process_memory_win.cc(73)] ReadMemory at 0x7ff9dcdb0000 of 64 bytes failed: Запрос ReadProcessMemory или WriteProcessMemory был выполнен только частично. (0x12B)
[0512/164702.518:WARNING:pe_image_reader.cc(340)] could not read dos header from C:\Windows\System32\combase.dll
[0512/164702.518:ERROR:process_memory_win.cc(73)] ReadMemory at 0x7ff9da480000 of 64 bytes failed: Запрос ReadProcessMemory или WriteProcessMemory был выполнен только частично. (0x12B)
[0512/164702.518:WARNING:pe_image_reader.cc(340)] could not read dos header from C:\Windows\System32\WINTRUST.dll
[0512/164702.519:ERROR:process_memory_win.cc(73)] ReadMemory at 0x7ff9da080000 of 64 bytes failed: Запрос ReadProcessMemory или WriteProcessMemory был выполнен только частично. (0x12B)
[0512/164702.519:WARNING:pe_image_reader.cc(340)] could not read dos header from C:\Windows\System32\MSASN1.dll
[0512/164702.519:ERROR:process_memory_win.cc(73)] ReadMemory at 0x7ff9dafe0000 of 64 bytes failed: Запрос ReadProcessMemory или WriteProcessMemory был выполнен только частично. (0x12B)
[0512/164702.519:WARNING:pe_image_reader.cc(340)] could not read dos header from C:\Windows\System32\CRYPT32.dll
[0512/164702.519:ERROR:process_memory_win.cc(73)] ReadMemory at 0x7ff9d9520000 of 64 bytes failed: Запрос ReadProcessMemory или WriteProcessMemory был выполнен только частично. (0x12B)
[0512/164702.519:WARNING:pe_image_reader.cc(340)] could not read dos header from C:\Windows\SYSTEM32\IPHLPAPI.DLL
[0512/164702.519:ERROR:process_memory_win.cc(73)] ReadMemory at 0x7ff9d7b30000 of 64 bytes failed: Запрос ReadProcessMemory или WriteProcessMemory был выполнен только частично. (0x12B)
[0512/164702.519:WARNING:pe_image_reader.cc(340)] could not read dos header from C:\Windows\SYSTEM32\WINMM.dll
[0512/164702.519:ERROR:process_memory_win.cc(73)] ReadMemory at 0x7ff9c4170000 of 64 bytes failed: Запрос ReadProcessMemory или WriteProcessMemory был выполнен только частично. (0x12B)
[0512/164702.520:WARNING:pe_image_reader.cc(340)] could not read dos header from C:\Windows\SYSTEM32\Secur32.dll
[0512/164702.520:ERROR:process_memory_win.cc(73)] ReadMemory at 0x7ff9d9ef0000 of 64 bytes failed: Запрос ReadProcessMemory или WriteProcessMemory был выполнен только частично. (0x12B)
[0512/164702.520:WARNING:pe_image_reader.cc(340)] could not read dos header from C:\Windows\SYSTEM32\USERENV.dll
[0512/164702.520:ERROR:process_memory_win.cc(73)] ReadMemory at 0x7ff9da0a0000 of 64 bytes failed: Запрос ReadProcessMemory или WriteProcessMemory был выполнен только частично. (0x12B)
[0512/164702.520:WARNING:pe_image_reader.cc(340)] could not read dos header from C:\Windows\System32\profapi.dll
[0512/164702.520:ERROR:process_memory_win.cc(73)] ReadMemory at 0x7ff9c1ba0000 of 64 bytes failed: Запрос ReadProcessMemory или WriteProcessMemory был выполнен только частично. (0x12B)
[0512/164702.520:WARNING:pe_image_reader.cc(340)] could not read dos header from C:\Windows\SYSTEM32\UIAutomationCore.DLL
[0512/164702.520:ERROR:process_memory_win.cc(73)] ReadMemory at 0x7ff9c37d0000 of 64 bytes failed: Запрос ReadProcessMemory или WriteProcessMemory был выполнен только частично. (0x12B)
[0512/164702.520:WARNING:pe_image_reader.cc(340)] could not read dos header from C:\Windows\SYSTEM32\DWrite.dll
[0512/164702.521:ERROR:process_memory_win.cc(73)] ReadMemory at 0x7ff9c0ca0000 of 64 bytes failed: Запрос ReadProcessMemory или WriteProcessMemory был выполнен только частично. (0x12B)
[0512/164702.521:WARNING:pe_image_reader.cc(340)] could not read dos header from C:\Windows\SYSTEM32\WINSPOOL.DRV
[0512/164702.521:ERROR:process_memory_win.cc(73)] ReadMemory at 0x7ff9da010000 of 64 bytes failed: Запрос ReadProcessMemory или WriteProcessMemory был выполнен только частично. (0x12B)
[0512/164702.521:WARNING:pe_image_reader.cc(340)] could not read dos header from C:\Windows\System32\kernel.appcore.dll
[0512/164702.521:ERROR:process_memory_win.cc(73)] ReadMemory at 0x7ff9da790000 of 64 bytes failed: Запрос ReadProcessMemory или WriteProcessMemory был выполнен только частично. (0x12B)
[0512/164702.521:WARNING:pe_image_reader.cc(340)] could not read dos header from C:\Windows\System32\bcrypt.dll
[0512/164702.521:ERROR:process_memory_win.cc(73)] ReadMemory at 0x7ff9b9f30000 of 64 bytes failed: Запрос ReadProcessMemory или WriteProcessMemory был выполнен только частично. (0x12B)
[0512/164702.522:WARNING:pe_image_reader.cc(340)] could not read dos header from C:\Windows\SYSTEM32\dbghelp.dll
[0512/164702.522:ERROR:process_memory_win.cc(73)] ReadMemory at 0x7ff9d41c0000 of 64 bytes failed: Запрос ReadProcessMemory или WriteProcessMemory был выполнен только частично. (0x12B)
[0512/164702.522:WARNING:pe_image_reader.cc(340)] could not read dos header from C:\Windows\SYSTEM32\WINHTTP.dll
[0512/164702.522:ERROR:process_memory_win.cc(73)] ReadMemory at 0x7ff9d2620000 of 64 bytes failed: Запрос ReadProcessMemory или WriteProcessMemory был выполнен только частично. (0x12B)
[0512/164702.522:WARNING:pe_image_reader.cc(340)] could not read dos header from C:\Windows\SYSTEM32\dhcpcsvc.DLL
[0512/164702.522:ERROR:process_memory_win.cc(73)] ReadMemory at 0x7ff9dbb40000 of 64 bytes failed: Запрос ReadProcessMemory или WriteProcessMemory был выполнен только частично. (0x12B)
[0512/164702.522:WARNING:pe_image_reader.cc(340)] could not read dos header from C:\Windows\System32\NSI.dll
[0512/164702.522:ERROR:process_memory_win.cc(73)] ReadMemory at 0x7ff9d7b00000 of 64 bytes failed: Запрос ReadProcessMemory или WriteProcessMemory был выполнен только частично. (0x12B)
[0512/164702.522:WARNING:pe_image_reader.cc(340)] could not read dos header from C:\Windows\SYSTEM32\WINMMBASE.dll
[0512/164702.523:ERROR:process_memory_win.cc(73)] ReadMemory at 0x7ff9da290000 of 64 bytes failed: Запрос ReadProcessMemory или WriteProcessMemory был выполнен только частично. (0x12B)
[0512/164702.523:WARNING:pe_image_reader.cc(340)] could not read dos header from C:\Windows\System32\cfgmgr32.dll
[0512/164702.523:ERROR:process_memory_win.cc(73)] ReadMemory at 0x7ff9d69c0000 of 64 bytes failed: Запрос ReadProcessMemory или WriteProcessMemory был выполнен только частично. (0x12B)
[0512/164702.523:WARNING:pe_image_reader.cc(340)] could not read dos header from C:\Windows\SYSTEM32\PROPSYS.dll
[0512/164702.523:ERROR:process_memory_win.cc(73)] ReadMemory at 0x7ff9db4f0000 of 64 bytes failed: Запрос ReadProcessMemory или WriteProcessMemory был выполнен только частично. (0x12B)
[0512/164702.523:WARNING:pe_image_reader.cc(340)] could not read dos header from C:\Windows\System32\shcore.dll
[0512/164702.523:ERROR:process_memory_win.cc(73)] ReadMemory at 0x7ff9d9f20000 of 64 bytes failed: Запрос ReadProcessMemory или WriteProcessMemory был выполнен только частично. (0x12B)
[0512/164702.523:WARNING:pe_image_reader.cc(340)] could not read dos header from C:\Windows\SYSTEM32\SSPICLI.DLL
[0512/164702.523:ERROR:process_memory_win.cc(73)] ReadMemory at 0x7ff9d9ee0000 of 64 bytes failed: Запрос ReadProcessMemory или WriteProcessMemory был выполнен только частично. (0x12B)
[0512/164702.524:WARNING:pe_image_reader.cc(340)] could not read dos header from C:\Windows\SYSTEM32\CRYPTBASE.DLL
[0512/164702.538:ERROR:process_memory_win.cc(73)] ReadMemory at 0x7ff7304b0000 of 64 bytes failed: Запрос ReadProcessMemory или WriteProcessMemory был выполнен только частично. (0x12B)
[0512/164702.538:WARNING:pe_image_reader.cc(340)] could not read dos header from C:\Program Files (x86)\Google\Chrome\Application\chrome.exe
[0512/164702.538:ERROR:process_memory_win.cc(73)] ReadMemory at 0x7ff9dd160000 of 64 bytes failed: Запрос ReadProcessMemory или WriteProcessMemory был выполнен только частично. (0x12B)
[0512/164702.538:WARNING:pe_image_reader.cc(340)] could not read dos header from C:\Windows\SYSTEM32\ntdll.dll
[0512/164702.538:ERROR:process_memory_win.cc(73)] ReadMemory at 0x7ff9dbc20000 of 64 bytes failed: Запрос ReadProcessMemory или WriteProcessMemory был выполнен только частично. (0x12B)
[0512/164702.538:WARNING:pe_image_reader.cc(340)] could not read dos header from C:\Windows\System32\KERNEL32.DLL
[0512/164702.538:ERROR:process_memory_win.cc(73)] ReadMemory at 0x7ff9da4e0000 of 64 bytes failed: Запрос ReadProcessMemory или WriteProcessMemory был выполнен только частично. (0x12B)
[0512/164702.538:WARNING:pe_image_reader.cc(340)] could not read dos header from C:\Windows\System32\KERNELBASE.dll
[0512/164702.538:ERROR:process_memory_win.cc(73)] ReadMemory at 0x7ff9cbb30000 of 64 bytes failed: Запрос ReadProcessMemory или WriteProcessMemory был выполнен только частично. (0x12B)
[0512/164702.538:WARNING:pe_image_reader.cc(340)] could not read dos header from C:\Program Files (x86)\Google\Chrome\Application\81.0.4044.138\chrome_elf.dll
[0512/164702.538:ERROR:process_memory_win.cc(73)] ReadMemory at 0x7ff9d54d0000 of 64 bytes failed: Запрос ReadProcessMemory или WriteProcessMemory был выполнен только частично. (0x12B)
[0512/164702.538:WARNING:pe_image_reader.cc(340)] could not read dos header from C:\Windows\SYSTEM32\VERSION.dll
[0512/164702.539:ERROR:process_memory_win.cc(73)] ReadMemory at 0x7ff9db5a0000 of 64 bytes failed: Запрос ReadProcessMemory или WriteProcessMemory был выполнен только частично. (0x12B)
[0512/164702.539:WARNING:pe_image_reader.cc(340)] could not read dos header from C:\Windows\System32\msvcrt.dll
[0512/164702.539:ERROR:process_memory_win.cc(73)] ReadMemory at 0x7ff9daf60000 of 64 bytes failed: Запрос ReadProcessMemory или WriteProcessMemory был выполнен только частично. (0x12B)
[0512/164702.539:WARNING:pe_image_reader.cc(340)] could not read dos header from C:\Windows\System32\bcryptPrimitives.dll
[0512/164702.539:ERROR:process_memory_win.cc(73)] ReadMemory at 0x7ff9dbb50000 of 64 bytes failed: Запрос ReadProcessMemory или WriteProcessMemory был выполнен только частично. (0x12B)
[0512/164702.539:WARNING:pe_image_reader.cc(340)] could not read dos header from C:\Windows\System32\ADVAPI32.dll
[0512/164702.539:ERROR:process_memory_win.cc(73)] ReadMemory at 0x7ff9dcbd0000 of 64 bytes failed: Запрос ReadProcessMemory или WriteProcessMemory был выполнен только частично. (0x12B)
[0512/164702.539:WARNING:pe_image_reader.cc(340)] could not read dos header from C:\Windows\System32\sechost.dll
[0512/164702.539:ERROR:process_memory_win.cc(73)] ReadMemory at 0x20dcb760000 of 64 bytes failed: Запрос ReadProcessMemory или WriteProcessMemory был выполнен только частично. (0x12B)
[0512/164702.540:WARNING:pe_image_reader.cc(340)] could not read dos header from C:\Windows\System32\RPCRT4.dll
[0512/164702.540:ERROR:process_memory_win.cc(73)] ReadMemory at 0x7ff9a5360000 of 64 bytes failed: Запрос ReadProcessMemory или WriteProcessMemory был выполнен только частично. (0x12B)
[0512/164702.540:WARNING:pe_image_reader.cc(340)] could not read dos header from C:\Program Files (x86)\Google\Chrome\Application\81.0.4044.138\chrome.dll
[0512/164702.540:ERROR:process_memory_win.cc(73)] ReadMemory at 0x7ff9dccd0000 of 64 bytes failed: Запрос ReadProcessMemory или WriteProcessMemory был выполнен только частично. (0x12B)
[0512/164702.540:WARNING:pe_image_reader.cc(340)] could not read dos header from C:\Windows\System32\WS2_32.dll
[0512/164702.540:ERROR:process_memory_win.cc(73)] ReadMemory at 0x7ff9db640000 of 64 bytes failed: Запрос ReadProcessMemory или WriteProcessMemory был выполнен только частично. (0x12B)
[0512/164702.540:WARNING:pe_image_reader.cc(340)] could not read dos header from C:\Windows\System32\OLEAUT32.dll
[0512/164702.540:ERROR:process_memory_win.cc(73)] ReadMemory at 0x7ff9da1f0000 of 64 bytes failed: Запрос ReadProcessMemory или WriteProcessMemory был выполнен только частично. (0x12B)
[0512/164702.540:WARNING:pe_image_reader.cc(340)] could not read dos header from C:\Windows\System32\msvcp_win.dll
[0512/164702.541:ERROR:process_memory_win.cc(73)] ReadMemory at 0x7ff9da0c0000 of 64 bytes failed: Запрос ReadProcessMemory или WriteProcessMemory был выполнен только частично. (0x12B)
[0512/164702.541:WARNING:pe_image_reader.cc(340)] could not read dos header from C:\Windows\System32\ucrtbase.dll
[0512/164702.541:ERROR:process_memory_win.cc(73)] ReadMemory at 0x7ff9dcdb0000 of 64 bytes failed: Запрос ReadProcessMemory или WriteProcessMemory был выполнен только частично. (0x12B)
[0512/164702.541:WARNING:pe_image_reader.cc(340)] could not read dos header from C:\Windows\System32\combase.dll
[0512/164702.541:ERROR:process_memory_win.cc(73)] ReadMemory at 0x7ff9da480000 of 64 bytes failed: Запрос ReadProcessMemory или WriteProcessMemory был выполнен только частично. (0x12B)
[0512/164702.541:WARNING:pe_image_reader.cc(340)] could not read dos header from C:\Windows\System32\WINTRUST.dll
[0512/164702.541:ERROR:process_memory_win.cc(73)] ReadMemory at 0x7ff9da080000 of 64 bytes failed: Запрос ReadProcessMemory или WriteProcessMemory был выполнен только частично. (0x12B)
[0512/164702.541:WARNING:pe_image_reader.cc(340)] could not read dos header from C:\Windows\System32\MSASN1.dll
[0512/164702.541:ERROR:process_memory_win.cc(73)] ReadMemory at 0x7ff9dafe0000 of 64 bytes failed: Запрос ReadProcessMemory или WriteProcessMemory был выполнен только частично. (0x12B)
[0512/164702.541:WARNING:pe_image_reader.cc(340)] could not read dos header from C:\Windows\System32\CRYPT32.dll
[0512/164702.542:ERROR:process_memory_win.cc(73)] ReadMemory at 0x7ff9d9520000 of 64 bytes failed: Запрос ReadProcessMemory или WriteProcessMemory был выполнен только частично. (0x12B)
[0512/164702.542:WARNING:pe_image_reader.cc(340)] could not read dos header from C:\Windows\SYSTEM32\IPHLPAPI.DLL
[0512/164702.542:ERROR:process_memory_win.cc(73)] ReadMemory at 0x7ff9d7b30000 of 64 bytes failed: Запрос ReadProcessMemory или WriteProcessMemory был выполнен только частично. (0x12B)
[0512/164702.542:WARNING:pe_image_reader.cc(340)] could not read dos header from C:\Windows\SYSTEM32\WINMM.dll
[0512/164702.542:ERROR:process_memory_win.cc(73)] ReadMemory at 0x7ff9c4170000 of 64 bytes failed: Запрос ReadProcessMemory или WriteProcessMemory был выполнен только частично. (0x12B)
[0512/164702.542:WARNING:pe_image_reader.cc(340)] could not read dos header from C:\Windows\SYSTEM32\Secur32.dll
[0512/164702.542:ERROR:process_memory_win.cc(73)] ReadMemory at 0x7ff9d9ef0000 of 64 bytes failed: Запрос ReadProcessMemory или WriteProcessMemory был выполнен только частично. (0x12B)
[0512/164702.542:WARNING:pe_image_reader.cc(340)] could not read dos header from C:\Windows\SYSTEM32\USERENV.dll
[0512/164702.543:ERROR:process_memory_win.cc(73)] ReadMemory at 0x7ff9da0a0000 of 64 bytes failed: Запрос ReadProcessMemory или WriteProcessMemory был выполнен только частично. (0x12B)
[0512/164702.543:WARNING:pe_image_reader.cc(340)] could not read dos header from C:\Windows\System32\profapi.dll
[0512/164702.543:ERROR:process_memory_win.cc(73)] ReadMemory at 0x7ff9c1ba0000 of 64 bytes failed: Запрос ReadProcessMemory или WriteProcessMemory был выполнен только частично. (0x12B)
[0512/164702.543:WARNING:pe_image_reader.cc(340)] could not read dos header from C:\Windows\SYSTEM32\UIAutomationCore.DLL
[0512/164702.543:ERROR:process_memory_win.cc(73)] ReadMemory at 0x7ff9c37d0000 of 64 bytes failed: Запрос ReadProcessMemory или WriteProcessMemory был выполнен только частично. (0x12B)
[0512/164702.543:WARNING:pe_image_reader.cc(340)] could not read dos header from C:\Windows\SYSTEM32\DWrite.dll
[0512/164702.543:ERROR:process_memory_win.cc(73)] ReadMemory at 0x7ff9c0ca0000 of 64 bytes failed: Запрос ReadProcessMemory или WriteProcessMemory был выполнен только частично. (0x12B)
[0512/164702.543:WARNING:pe_image_reader.cc(340)] could not read dos header from C:\Windows\SYSTEM32\WINSPOOL.DRV
[0512/164702.543:ERROR:process_memory_win.cc(73)] ReadMemory at 0x7ff9da010000 of 64 bytes failed: Запрос ReadProcessMemory или WriteProcessMemory был выполнен только частично. (0x12B)
[0512/164702.543:WARNING:pe_image_reader.cc(340)] could not read dos header from C:\Windows\System32\kernel.appcore.dll
[0512/164702.544:ERROR:process_memory_win.cc(73)] ReadMemory at 0x7ff9da790000 of 64 bytes failed: Запрос ReadProcessMemory или WriteProcessMemory был выполнен только частично. (0x12B)
[0512/164702.544:WARNING:pe_image_reader.cc(340)] could not read dos header from C:\Windows\System32\bcrypt.dll
[0512/164702.544:ERROR:process_memory_win.cc(73)] ReadMemory at 0x7ff9b9f30000 of 64 bytes failed: Запрос ReadProcessMemory или WriteProcessMemory был выполнен только частично. (0x12B)
[0512/164702.544:WARNING:pe_image_reader.cc(340)] could not read dos header from C:\Windows\SYSTEM32\dbghelp.dll
[0512/164702.544:ERROR:process_memory_win.cc(73)] ReadMemory at 0x7ff9d41c0000 of 64 bytes failed: Запрос ReadProcessMemory или WriteProcessMemory был выполнен только частично. (0x12B)
[0512/164702.544:WARNING:pe_image_reader.cc(340)] could not read dos header from C:\Windows\SYSTEM32\WINHTTP.dll
[0512/164702.544:ERROR:process_memory_win.cc(73)] ReadMemory at 0x7ff9d2620000 of 64 bytes failed: Запрос ReadProcessMemory или WriteProcessMemory был выполнен только частично. (0x12B)
[0512/164702.544:WARNING:pe_image_reader.cc(340)] could not read dos header from C:\Windows\SYSTEM32\dhcpcsvc.DLL
[0512/164702.544:ERROR:process_memory_win.cc(73)] ReadMemory at 0x7ff9dbb40000 of 64 bytes failed: Запрос ReadProcessMemory или WriteProcessMemory был выполнен только частично. (0x12B)
[0512/164702.545:WARNING:pe_image_reader.cc(340)] could not read dos header from C:\Windows\System32\NSI.dll
[0512/164702.545:ERROR:process_memory_win.cc(73)] ReadMemory at 0x7ff9d7b00000 of 64 bytes failed: Запрос ReadProcessMemory или WriteProcessMemory был выполнен только частично. (0x12B)
[0512/164702.545:WARNING:pe_image_reader.cc(340)] could not read dos header from C:\Windows\SYSTEM32\WINMMBASE.dll
[0512/164702.545:ERROR:process_memory_win.cc(73)] ReadMemory at 0x7ff9da290000 of 64 bytes failed: Запрос ReadProcessMemory или WriteProcessMemory был выполнен только частично. (0x12B)
[0512/164702.545:WARNING:pe_image_reader.cc(340)] could not read dos header from C:\Windows\System32\cfgmgr32.dll
[0512/164702.545:ERROR:process_memory_win.cc(73)] ReadMemory at 0x7ff9d69c0000 of 64 bytes failed: Запрос ReadProcessMemory или WriteProcessMemory был выполнен только частично. (0x12B)
[0512/164702.545:WARNING:pe_image_reader.cc(340)] could not read dos header from C:\Windows\SYSTEM32\PROPSYS.dll
[0512/164702.545:ERROR:process_memory_win.cc(73)] ReadMemory at 0x7ff9db4f0000 of 64 bytes failed: Запрос ReadProcessMemory или WriteProcessMemory был выполнен только частично. (0x12B)
[0512/164702.545:WARNING:pe_image_reader.cc(340)] could not read dos header from C:\Windows\System32\shcore.dll
[0512/164702.546:ERROR:process_memory_win.cc(73)] ReadMemory at 0x7ff9d9f20000 of 64 bytes failed: Запрос ReadProcessMemory или WriteProcessMemory был выполнен только частично. (0x12B)
[0512/164702.546:WARNING:pe_image_reader.cc(340)] could not read dos header from C:\Windows\SYSTEM32\SSPICLI.DLL
[0512/164702.546:ERROR:process_memory_win.cc(73)] ReadMemory at 0x7ff9d9ee0000 of 64 bytes failed: Запрос ReadProcessMemory или WriteProcessMemory был выполнен только частично. (0x12B)
[0512/164702.546:WARNING:pe_image_reader.cc(340)] could not read dos header from C:\Windows\SYSTEM32\CRYPTBASE.DLL
[0512/164702.546:ERROR:process_memory_win.cc(73)] ReadMemory at 0x7ff7304b0000 of 64 bytes failed: Запрос ReadProcessMemory или WriteProcessMemory был выполнен только частично. (0x12B)
[0512/164702.546:WARNING:pe_image_reader.cc(340)] could not read dos header from C:\Program Files (x86)\Google\Chrome\Application\chrome.exe
[0512/164702.546:ERROR:process_memory_win.cc(73)] ReadMemory at 0x7ff9dd160000 of 64 bytes failed: Запрос ReadProcessMemory или WriteProcessMemory был выполнен только частично. (0x12B)
[0512/164702.546:WARNING:pe_image_reader.cc(340)] could not read dos header from C:\Windows\SYSTEM32\ntdll.dll
[0512/164702.546:ERROR:process_memory_win.cc(73)] ReadMemory at 0x7ff9dbc20000 of 64 bytes failed: Запрос ReadProcessMemory или WriteProcessMemory был выполнен только частично. (0x12B)
[0512/164702.546:WARNING:pe_image_reader.cc(340)] could not read dos header from C:\Windows\System32\KERNEL32.DLL
[0512/164702.547:ERROR:process_memory_win.cc(73)] ReadMemory at 0x7ff9da4e0000 of 64 bytes failed: Запрос ReadProcessMemory или WriteProcessMemory был выполнен только частично. (0x12B)
[0512/164702.547:WARNING:pe_image_reader.cc(340)] could not read dos header from C:\Windows\System32\KERNELBASE.dll
[0512/164702.547:ERROR:process_memory_win.cc(73)] ReadMemory at 0x7ff9cbb30000 of 64 bytes failed: Запрос ReadProcessMemory или WriteProcessMemory был выполнен только частично. (0x12B)
[0512/164702.547:WARNING:pe_image_reader.cc(340)] could not read dos header from C:\Program Files (x86)\Google\Chrome\Application\81.0.4044.138\chrome_elf.dll
[0512/164702.547:ERROR:process_memory_win.cc(73)] ReadMemory at 0x7ff9d54d0000 of 64 bytes failed: Запрос ReadProcessMemory или WriteProcessMemory был выполнен только частично. (0x12B)
[0512/164702.547:WARNING:pe_image_reader.cc(340)] could not read dos header from C:\Windows\SYSTEM32\VERSION.dll
[0512/164702.547:ERROR:process_memory_win.cc(73)] ReadMemory at 0x7ff9db5a0000 of 64 bytes failed: Запрос ReadProcessMemory или WriteProcessMemory был выполнен только частично. (0x12B)
[0512/164702.547:WARNING:pe_image_reader.cc(340)] could not read dos header from C:\Windows\System32\msvcrt.dll
[0512/164702.547:ERROR:process_memory_win.cc(73)] ReadMemory at 0x7ff9daf60000 of 64 bytes failed: Запрос ReadProcessMemory или WriteProcessMemory был выполнен только частично. (0x12B)
[0512/164702.547:WARNING:pe_image_reader.cc(340)] could not read dos header from C:\Windows\System32\bcryptPrimitives.dll
[0512/164702.547:ERROR:process_memory_win.cc(73)] ReadMemory at 0x7ff9dbb50000 of 64 bytes failed: Запрос ReadProcessMemory или WriteProcessMemory был выполнен только частично. (0x12B)
[0512/164702.547:WARNING:pe_image_reader.cc(340)] could not read dos header from C:\Windows\System32\ADVAPI32.dll
[0512/164702.548:ERROR:process_memory_win.cc(73)] ReadMemory at 0x7ff9dcbd0000 of 64 bytes failed: Запрос ReadProcessMemory или WriteProcessMemory был выполнен только частично. (0x12B)
[0512/164702.548:WARNING:pe_image_reader.cc(340)] could not read dos header from C:\Windows\System32\sechost.dll
[0512/164702.548:ERROR:process_memory_win.cc(73)] ReadMemory at 0x20dcb760000 of 64 bytes failed: Запрос ReadProcessMemory или WriteProcessMemory был выполнен только частично. (0x12B)
[0512/164702.548:WARNING:pe_image_reader.cc(340)] could not read dos header from C:\Windows\System32\RPCRT4.dll
[0512/164702.548:ERROR:process_memory_win.cc(73)] ReadMemory at 0x7ff9a5360000 of 64 bytes failed: Запрос ReadProcessMemory или WriteProcessMemory был выполнен только частично. (0x12B)
[0512/164702.548:WARNING:pe_image_reader.cc(340)] could not read dos header from C:\Program Files (x86)\Google\Chrome\Application\81.0.4044.138\chrome.dll
[0512/164702.548:ERROR:process_memory_win.cc(73)] ReadMemory at 0x7ff9dccd0000 of 64 bytes failed: Запрос ReadProcessMemory или WriteProcessMemory был выполнен только частично. (0x12B)
[0512/164702.548:WARNING:pe_image_reader.cc(340)] could not read dos header from C:\Windows\System32\WS2_32.dll
[0512/164702.548:ERROR:process_memory_win.cc(73)] ReadMemory at 0x7ff9db640000 of 64 bytes failed: Запрос ReadProcessMemory или WriteProcessMemory был выполнен только частично. (0x12B)
[0512/164702.548:WARNING:pe_image_reader.cc(340)] could not read dos header from C:\Windows\System32\OLEAUT32.dll
[0512/164702.549:ERROR:process_memory_win.cc(73)] ReadMemory at 0x7ff9da1f0000 of 64 bytes failed: Запрос ReadProcessMemory или WriteProcessMemory был выполнен только частично. (0x12B)
[0512/164702.549:WARNING:pe_image_reader.cc(340)] could not read dos header from C:\Windows\System32\msvcp_win.dll
[0512/164702.549:ERROR:process_memory_win.cc(73)] ReadMemory at 0x7ff9da0c0000 of 64 bytes failed: Запрос ReadProcessMemory или WriteProcessMemory был выполнен только частично. (0x12B)
[0512/164702.549:WARNING:pe_image_reader.cc(340)] could not read dos header from C:\Windows\System32\ucrtbase.dll
[0512/164702.549:ERROR:process_memory_win.cc(73)] ReadMemory at 0x7ff9dcdb0000 of 64 bytes failed: Запрос ReadProcessMemory или WriteProcessMemory был выполнен только частично. (0x12B)
[0512/164702.549:WARNING:pe_image_reader.cc(340)] could not read dos header from C:\Windows\System32\combase.dll
[0512/164702.549:ERROR:process_memory_win.cc(73)] ReadMemory at 0x7ff9da480000 of 64 bytes failed: Запрос ReadProcessMemory или WriteProcessMemory был выполнен только частично. (0x12B)
[0512/164702.549:WARNING:pe_image_reader.cc(340)] could not read dos header from C:\Windows\System32\WINTRUST.dll
[0512/164702.549:ERROR:process_memory_win.cc(73)] ReadMemory at 0x7ff9da080000 of 64 bytes failed: Запрос ReadProcessMemory или WriteProcessMemory был выполнен только частично. (0x12B)
[0512/164702.549:WARNING:pe_image_reader.cc(340)] could not read dos header from C:\Windows\System32\MSASN1.dll
[0512/164702.549:ERROR:process_memory_win.cc(73)] ReadMemory at 0x7ff9dafe0000 of 64 bytes failed: Запрос ReadProcessMemory или WriteProcessMemory был выполнен только частично. (0x12B)
[0512/164702.549:WARNING:pe_image_reader.cc(340)] could not read dos header from C:\Windows\System32\CRYPT32.dll
[0512/164702.550:ERROR:process_memory_win.cc(73)] ReadMemory at 0x7ff9d9520000 of 64 bytes failed: Запрос ReadProcessMemory или WriteProcessMemory был выполнен только частично. (0x12B)
[0512/164702.550:WARNING:pe_image_reader.cc(340)] could not read dos header from C:\Windows\SYSTEM32\IPHLPAPI.DLL
[0512/164702.550:ERROR:process_memory_win.cc(73)] ReadMemory at 0x7ff9d7b30000 of 64 bytes failed: Запрос ReadProcessMemory или WriteProcessMemory был выполнен только частично. (0x12B)
[0512/164702.550:WARNING:pe_image_reader.cc(340)] could not read dos header from C:\Windows\SYSTEM32\WINMM.dll
[0512/164702.550:ERROR:process_memory_win.cc(73)] ReadMemory at 0x7ff9c4170000 of 64 bytes failed: Запрос ReadProcessMemory или WriteProcessMemory был выполнен только частично. (0x12B)
[0512/164702.550:WARNING:pe_image_reader.cc(340)] could not read dos header from C:\Windows\SYSTEM32\Secur32.dll
[0512/164702.550:ERROR:process_memory_win.cc(73)] ReadMemory at 0x7ff9d9ef0000 of 64 bytes failed: Запрос ReadProcessMemory или WriteProcessMemory был выполнен только частично. (0x12B)
[0512/164702.550:WARNING:pe_image_reader.cc(340)] could not read dos header from C:\Windows\SYSTEM32\USERENV.dll
[0512/164702.550:ERROR:process_memory_win.cc(73)] ReadMemory at 0x7ff9da0a0000 of 64 bytes failed: Запрос ReadProcessMemory или WriteProcessMemory был выполнен только частично. (0x12B)
[0512/164702.551:WARNING:pe_image_reader.cc(340)] could not read dos header from C:\Windows\System32\profapi.dll
[0512/164702.551:ERROR:process_memory_win.cc(73)] ReadMemory at 0x7ff9c1ba0000 of 64 bytes failed: Запрос ReadProcessMemory или WriteProcessMemory был выполнен только частично. (0x12B)
[0512/164702.551:WARNING:pe_image_reader.cc(340)] could not read dos header from C:\Windows\SYSTEM32\UIAutomationCore.DLL
[0512/164702.551:ERROR:process_memory_win.cc(73)] ReadMemory at 0x7ff9c37d0000 of 64 bytes failed: Запрос ReadProcessMemory или WriteProcessMemory был выполнен только частично. (0x12B)
[0512/164702.551:WARNING:pe_image_reader.cc(340)] could not read dos header from C:\Windows\SYSTEM32\DWrite.dll
[0512/164702.551:ERROR:process_memory_win.cc(73)] ReadMemory at 0x7ff9c0ca0000 of 64 bytes failed: Запрос ReadProcessMemory или WriteProcessMemory был выполнен только частично. (0x12B)
[0512/164702.551:WARNING:pe_image_reader.cc(340)] could not read dos header from C:\Windows\SYSTEM32\WINSPOOL.DRV
[0512/164702.551:ERROR:process_memory_win.cc(73)] ReadMemory at 0x7ff9da010000 of 64 bytes failed: Запрос ReadProcessMemory или WriteProcessMemory был выполнен только частично. (0x12B)
[0512/164702.551:WARNING:pe_image_reader.cc(340)] could not read dos header from C:\Windows\System32\kernel.appcore.dll
[0512/164702.552:ERROR:process_memory_win.cc(73)] ReadMemory at 0x7ff9da790000 of 64 bytes failed: Запрос ReadProcessMemory или WriteProcessMemory был выполнен только частично. (0x12B)
[0512/164702.552:WARNING:pe_image_reader.cc(340)] could not read dos header from C:\Windows\System32\bcrypt.dll
[0512/164702.552:ERROR:process_memory_win.cc(73)] ReadMemory at 0x7ff9b9f30000 of 64 bytes failed: Запрос ReadProcessMemory или WriteProcessMemory был выполнен только частично. (0x12B)
[0512/164702.552:WARNING:pe_image_reader.cc(340)] could not read dos header from C:\Windows\SYSTEM32\dbghelp.dll
[0512/164702.552:ERROR:process_memory_win.cc(73)] ReadMemory at 0x7ff9d41c0000 of 64 bytes failed: Запрос ReadProcessMemory или WriteProcessMemory был выполнен только частично. (0x12B)
[0512/164702.552:WARNING:pe_image_reader.cc(340)] could not read dos header from C:\Windows\SYSTEM32\WINHTTP.dll
[0512/164702.552:ERROR:process_memory_win.cc(73)] ReadMemory at 0x7ff9d2620000 of 64 bytes failed: Запрос ReadProcessMemory или WriteProcessMemory был выполнен только частично. (0x12B)
[0512/164702.552:WARNING:pe_image_reader.cc(340)] could not read dos header from C:\Windows\SYSTEM32\dhcpcsvc.DLL
[0512/164702.552:ERROR:process_memory_win.cc(73)] ReadMemory at 0x7ff9dbb40000 of 64 bytes failed: Запрос ReadProcessMemory или WriteProcessMemory был выполнен только частично. (0x12B)
[0512/164702.552:WARNING:pe_image_reader.cc(340)] could not read dos header from C:\Windows\System32\NSI.dll
[0512/164702.553:ERROR:process_memory_win.cc(73)] ReadMemory at 0x7ff9d7b00000 of 64 bytes failed: Запрос ReadProcessMemory или WriteProcessMemory был выполнен только частично. (0x12B)
[0512/164702.553:WARNING:pe_image_reader.cc(340)] could not read dos header from C:\Windows\SYSTEM32\WINMMBASE.dll
[0512/164702.553:ERROR:process_memory_win.cc(73)] ReadMemory at 0x7ff9da290000 of 64 bytes failed: Запрос ReadProcessMemory или WriteProcessMemory был выполнен только частично. (0x12B)
[0512/164702.553:WARNING:pe_image_reader.cc(340)] could not read dos header from C:\Windows\System32\cfgmgr32.dll
[0512/164702.553:ERROR:process_memory_win.cc(73)] ReadMemory at 0x7ff9d69c0000 of 64 bytes failed: Запрос ReadProcessMemory или WriteProcessMemory был выполнен только частично. (0x12B)
[0512/164702.553:WARNING:pe_image_reader.cc(340)] could not read dos header from C:\Windows\SYSTEM32\PROPSYS.dll
[0512/164702.553:ERROR:process_memory_win.cc(73)] ReadMemory at 0x7ff9db4f0000 of 64 bytes failed: Запрос ReadProcessMemory или WriteProcessMemory был выполнен только частично. (0x12B)
[0512/164702.553:WARNING:pe_image_reader.cc(340)] could not read dos header from C:\Windows\System32\shcore.dll
[0512/164702.553:ERROR:process_memory_win.cc(73)] ReadMemory at 0x7ff9d9f20000 of 64 bytes failed: Запрос ReadProcessMemory или WriteProcessMemory был выполнен только частично. (0x12B)
[0512/164702.553:WARNING:pe_image_reader.cc(340)] could not read dos header from C:\Windows\SYSTEM32\SSPICLI.DLL
[0512/164702.554:ERROR:process_memory_win.cc(73)] ReadMemory at 0x7ff9d9ee0000 of 64 bytes failed: Запрос ReadProcessMemory или WriteProcessMemory был выполнен только частично. (0x12B)
[0512/164702.554:WARNING:pe_image_reader.cc(340)] could not read dos header from C:\Windows\SYSTEM32\CRYPTBASE.DLL
[0512/164702.591:ERROR:process_memory_win.cc(73)] ReadMemory at 0x1170de7000 of 102400 bytes failed: Запрос ReadProcessMemory или WriteProcessMemory был выполнен только частично. (0x12B)
[0512/164702.592:ERROR:process_memory_win.cc(73)] ReadMemory at 0x11715fd000 of 12288 bytes failed: Запрос ReadProcessMemory или WriteProcessMemory был выполнен только частично. (0x12B)
[0512/164702.592:ERROR:process_memory_win.cc(73)] ReadMemory at 0x1171dfd000 of 12288 bytes failed: Запрос ReadProcessMemory или WriteProcessMemory был выполнен только частично. (0x12B)
[0512/164702.592:ERROR:process_memory_win.cc(73)] ReadMemory at 0x11725fd000 of 12288 bytes failed: Запрос ReadProcessMemory или WriteProcessMemory был выполнен только частично. (0x12B)
[0512/164702.593:ERROR:process_memory_win.cc(73)] ReadMemory at 0x1172dfc000 of 16384 bytes failed: Запрос ReadProcessMemory или WriteProcessMemory был выполнен только частично. (0x12B)
[0512/164702.593:ERROR:process_memory_win.cc(73)] ReadMemory at 0x11735fe000 of 8192 bytes failed: Запрос ReadProcessMemory или WriteProcessMemory был выполнен только частично. (0x12B)
[0512/164702.593:ERROR:process_memory_win.cc(73)] ReadMemory at 0x1173dfd000 of 12288 bytes failed: Запрос ReadProcessMemory или WriteProcessMemory был выполнен только частично. (0x12B)
[0512/164702.593:ERROR:process_memory_win.cc(73)] ReadMemory at 0x11745fb000 of 20480 bytes failed: Запрос ReadProcessMemory или WriteProcessMemory был выполнен только частично. (0x12B)
[0512/164702.593:ERROR:process_memory_win.cc(73)] ReadMemory at 0x1174dfd000 of 12288 bytes failed: Запрос ReadProcessMemory или WriteProcessMemory был выполнен только частично. (0x12B)
[0512/164702.594:ERROR:process_memory_win.cc(73)] ReadMemory at 0x11755fd000 of 12288 bytes failed: Запрос ReadProcessMemory или WriteProcessMemory был выполнен только частично. (0x12B)
[0512/164702.594:ERROR:process_memory_win.cc(73)] ReadMemory at 0x1175df6000 of 40960 bytes failed: Запрос ReadProcessMemory или WriteProcessMemory был выполнен только частично. (0x12B)
[0512/164702.594:ERROR:process_memory_win.cc(73)] ReadMemory at 0x11765f5000 of 45056 bytes failed: Запрос ReadProcessMemory или WriteProcessMemory был выполнен только частично. (0x12B)
[0512/164702.595:ERROR:process_memory_win.cc(73)] ReadMemory at 0x1176df6000 of 40960 bytes failed: Запрос ReadProcessMemory или WriteProcessMemory был выполнен только частично. (0x12B)
[0512/164702.595:ERROR:process_memory_win.cc(73)] ReadMemory at 0x11775f6000 of 40960 bytes failed: Запрос ReadProcessMemory или WriteProcessMemory был выполнен только частично. (0x12B)
[0512/164702.596:ERROR:process_memory_win.cc(73)] ReadMemory at 0x1177dfd000 of 12288 bytes failed: Запрос ReadProcessMemory или WriteProcessMemory был выполнен только частично. (0x12B)
[0512/164702.596:ERROR:process_memory_win.cc(73)] ReadMemory at 0x11785fc000 of 16384 bytes failed: Запрос ReadProcessMemory или WriteProcessMemory был выполнен только частично. (0x12B)
[0512/164702.596:ERROR:process_memory_win.cc(73)] ReadMemory at 0x1178dfd000 of 12288 bytes failed: Запрос ReadProcessMemory или WriteProcessMemory был выполнен только частично. (0x12B)
[0512/164702.597:ERROR:process_memory_win.cc(73)] ReadMemory at 0x11795fd000 of 12288 bytes failed: Запрос ReadProcessMemory или WriteProcessMemory был выполнен только частично. (0x12B)
[0512/164702.597:ERROR:process_memory_win.cc(73)] ReadMemory at 0x1179dfd000 of 12288 bytes failed: Запрос ReadProcessMemory или WriteProcessMemory был выполнен только частично. (0x12B)
[0512/164702.597:ERROR:process_memory_win.cc(73)] ReadMemory at 0x117a5fd000 of 12288 bytes failed: Запрос ReadProcessMemory или WriteProcessMemory был выполнен только частично. (0x12B)
[0512/164702.597:ERROR:process_memory_win.cc(73)] ReadMemory at 0x117adfd000 of 12288 bytes failed: Запрос ReadProcessMemory или WriteProcessMemory был выполнен только частично. (0x12B)
[0512/164702.597:ERROR:process_memory_win.cc(73)] ReadMemory at 0x117045c000 of 852 bytes failed: Запрос ReadProcessMemory или WriteProcessMemory был выполнен только частично. (0x12B)
[0512/164702.598:ERROR:process_memory_win.cc(73)] ReadMemory at 0x117045d000 of 6024 bytes failed: Запрос ReadProcessMemory или WriteProcessMemory был выполнен только частично. (0x12B)
[0512/164702.598:ERROR:process_memory_win.cc(73)] ReadMemory at 0x117045f000 of 6024 bytes failed: Запрос ReadProcessMemory или WriteProcessMemory был выполнен только частично. (0x12B)
[0512/164702.598:ERROR:process_memory_win.cc(73)] ReadMemory at 0x1170461000 of 6024 bytes failed: Запрос ReadProcessMemory или WriteProcessMemory был выполнен только частично. (0x12B)
[0512/164702.598:ERROR:process_memory_win.cc(73)] ReadMemory at 0x1170463000 of 6024 bytes failed: Запрос ReadProcessMemory или WriteProcessMemory был выполнен только частично. (0x12B)
[0512/164702.599:ERROR:process_memory_win.cc(73)] ReadMemory at 0x1170465000 of 6024 bytes failed: Запрос ReadProcessMemory или WriteProcessMemory был выполнен только частично. (0x12B)
[0512/164702.599:ERROR:process_memory_win.cc(73)] ReadMemory at 0x1170467000 of 6024 bytes failed: Запрос ReadProcessMemory или WriteProcessMemory был выполнен только частично. (0x12B)
[0512/164702.599:ERROR:process_memory_win.cc(73)] ReadMemory at 0x1170469000 of 6024 bytes failed: Запрос ReadProcessMemory или WriteProcessMemory был выполнен только частично. (0x12B)
[0512/164702.599:ERROR:process_memory_win.cc(73)] ReadMemory at 0x117046b000 of 6024 bytes failed: Запрос ReadProcessMemory или WriteProcessMemory был выполнен только частично. (0x12B)
[0512/164702.599:ERROR:process_memory_win.cc(73)] ReadMemory at 0x117046d000 of 6024 bytes failed: Запрос ReadProcessMemory или WriteProcessMemory был выполнен только частично. (0x12B)
[0512/164702.599:ERROR:process_memory_win.cc(73)] ReadMemory at 0x117046f000 of 6024 bytes failed: Запрос ReadProcessMemory или WriteProcessMemory был выполнен только частично. (0x12B)
[0512/164702.600:ERROR:process_memory_win.cc(73)] ReadMemory at 0x1170471000 of 6024 bytes failed: Запрос ReadProcessMemory или WriteProcessMemory был выполнен только частично. (0x12B)
[0512/164702.600:ERROR:process_memory_win.cc(73)] ReadMemory at 0x1170473000 of 6024 bytes failed: Запрос ReadProcessMemory или WriteProcessMemory был выполнен только частично. (0x12B)
[0512/164702.600:ERROR:process_memory_win.cc(73)] ReadMemory at 0x1170475000 of 6024 bytes failed: Запрос ReadProcessMemory или WriteProcessMemory был выполнен только частично. (0x12B)
[0512/164702.600:ERROR:process_memory_win.cc(73)] ReadMemory at 0x1170477000 of 6024 bytes failed: Запрос ReadProcessMemory или WriteProcessMemory был выполнен только частично. (0x12B)
[0512/164702.600:ERROR:process_memory_win.cc(73)] ReadMemory at 0x1170479000 of 6024 bytes failed: Запрос ReadProcessMemory или WriteProcessMemory был выполнен только частично. (0x12B)
[0512/164702.600:ERROR:process_memory_win.cc(73)] ReadMemory at 0x117047b000 of 6024 bytes failed: Запрос ReadProcessMemory или WriteProcessMemory был выполнен только частично. (0x12B)
[0512/164702.600:ERROR:process_memory_win.cc(73)] ReadMemory at 0x117047d000 of 6024 bytes failed: Запрос ReadProcessMemory или WriteProcessMemory был выполнен только частично. (0x12B)
[0512/164702.601:ERROR:process_memory_win.cc(73)] ReadMemory at 0x117047f000 of 6024 bytes failed: Запрос ReadProcessMemory или WriteProcessMemory был выполнен только частично. (0x12B)
[0512/164702.601:ERROR:process_memory_win.cc(73)] ReadMemory at 0x1170481000 of 6024 bytes failed: Запрос ReadProcessMemory или WriteProcessMemory был выполнен только частично. (0x12B)
[0512/164702.601:ERROR:process_memory_win.cc(73)] ReadMemory at 0x1170483000 of 6024 bytes failed: Запрос ReadProcessMemory или WriteProcessMemory был выполнен только частично. (0x12B)
[0512/164702.601:ERROR:process_memory_win.cc(73)] ReadMemory at 0x1170485000 of 6024 bytes failed: Запрос ReadProcessMemory или WriteProcessMemory был выполнен только частично. (0x12B)
[0512/164702.601:ERROR:process_memory_win.cc(73)] ReadMemory at 0x20dcb070fe0 of 17286 bytes failed: Запрос ReadProcessMemory или WriteProcessMemory был выполнен только частично. (0x12B)
[0512/164702.601:ERROR:process_memory_win.cc(73)] ReadMemory at 0x20dcb075370 of 1012 bytes failed: Запрос ReadProcessMemory или WriteProcessMemory был выполнен только частично. (0x12B)
[0512/164702.601:ERROR:process_memory_win.cc(73)] ReadMemory at 0x20dcb0759b8 of 118 bytes failed: Запрос ReadProcessMemory или WriteProcessMemory был выполнен только частично. (0x12B)
[0512/164702.602:ERROR:process_memory_win.cc(73)] ReadMemory at 0x20dcb075a30 of 754 bytes failed: Запрос ReadProcessMemory или WriteProcessMemory был выполнен только частично. (0x12B)
[0512/164702.602:ERROR:process_memory_win.cc(73)] ReadMemory at 0x20dcb075d24 of 118 bytes failed: Запрос ReadProcessMemory или WriteProcessMemory был выполнен только частично. (0x12B)
[0512/164702.602:ERROR:process_memory_win.cc(73)] ReadMemory at 0x20dcb075d9c of 102 bytes failed: Запрос ReadProcessMemory или WriteProcessMemory был выполнен только частично. (0x12B)
[0512/164702.602:ERROR:process_memory_win.cc(73)] ReadMemory at 0x20dcb075e10 of 58 bytes failed: Запрос ReadProcessMemory или WriteProcessMemory был выполнен только частично. (0x12B)
[0512/164702.602:ERROR:process_memory_win.cc(73)] ReadMemory at 0x20dcb075f10 of 132 bytes failed: Запрос ReadProcessMemory или WriteProcessMemory был выполнен только частично. (0x12B)
[0512/164702.602:ERROR:process_memory_win.cc(73)] ReadMemory at 0x20dcb0760a0 of 132 bytes failed: Запрос ReadProcessMemory или WriteProcessMemory был выполнен только частично. (0x12B)
[0512/164702.602:ERROR:process_memory_win.cc(73)] ReadMemory at 0x20dcb076260 of 126 bytes failed: Запрос ReadProcessMemory или WriteProcessMemory был выполнен только частично. (0x12B)
[0512/164702.603:ERROR:process_memory_win.cc(73)] ReadMemory at 0x20dcb076640 of 132 bytes failed: Запрос ReadProcessMemory или WriteProcessMemory был выполнен только частично. (0x12B)
[0512/164702.603:ERROR:process_memory_win.cc(73)] ReadMemory at 0x20dcb0767d0 of 64 bytes failed: Запрос ReadProcessMemory или WriteProcessMemory был выполнен только частично. (0x12B)
[0512/164702.603:ERROR:process_memory_win.cc(73)] ReadMemory at 0x20dcb076820 of 132 bytes failed: Запрос ReadProcessMemory или WriteProcessMemory был выполнен только частично. (0x12B)
[0512/164702.603:ERROR:process_memory_win.cc(73)] ReadMemory at 0x20dcb076a30 of 154 bytes failed: Запрос ReadProcessMemory или WriteProcessMemory был выполнен только частично. (0x12B)
[0512/164702.604:ERROR:process_memory_win.cc(73)] ReadMemory at 0x20dcb076c30 of 132 bytes failed: Запрос ReadProcessMemory или WriteProcessMemory был выполнен только частично. (0x12B)
[0512/164702.604:ERROR:process_memory_win.cc(73)] ReadMemory at 0x20dcb076dc0 of 68 bytes failed: Запрос ReadProcessMemory или WriteProcessMemory был выполнен только частично. (0x12B)
[0512/164702.604:ERROR:process_memory_win.cc(73)] ReadMemory at 0x20dcb077db0 of 132 bytes failed: Запрос ReadProcessMemory или WriteProcessMemory был выполнен только частично. (0x12B)
[0512/164702.604:ERROR:process_memory_win.cc(73)] ReadMemory at 0x20dcb077fb0 of 132 bytes failed: Запрос ReadProcessMemory или WriteProcessMemory был выполнен только частично. (0x12B)
[0512/164702.604:ERROR:process_memory_win.cc(73)] ReadMemory at 0x20dcb078e30 of 62 bytes failed: Запрос ReadProcessMemory или WriteProcessMemory был выполнен только частично. (0x12B)
[0512/164702.604:ERROR:process_memory_win.cc(73)] ReadMemory at 0x20dcb078eb0 of 146 bytes failed: Запрос ReadProcessMemory или WriteProcessMemory был выполнен только частично. (0x12B)
[0512/164702.604:ERROR:process_memory_win.cc(73)] ReadMemory at 0x20dcb078f90 of 132 bytes failed: Запрос ReadProcessMemory или WriteProcessMemory был выполнен только частично. (0x12B)
[0512/164702.605:ERROR:process_memory_win.cc(73)] ReadMemory at 0x20dcb079120 of 60 bytes failed: Запрос ReadProcessMemory или WriteProcessMemory был выполнен только частично. (0x12B)
[0512/164702.605:ERROR:process_memory_win.cc(73)] ReadMemory at 0x20dcb07a9e0 of 132 bytes failed: Запрос ReadProcessMemory или WriteProcessMemory был выполнен только частично. (0x12B)
[0512/164702.605:ERROR:process_memory_win.cc(73)] ReadMemory at 0x20dcb07abf0 of 132 bytes failed: Запрос ReadProcessMemory или WriteProcessMemory был выполнен только частично. (0x12B)
[0512/164702.605:ERROR:process_memory_win.cc(73)] ReadMemory at 0x20dcb07d780 of 132 bytes failed: Запрос ReadProcessMemory или WriteProcessMemory был выполнен только частично. (0x12B)
[0512/164702.605:ERROR:process_memory_win.cc(73)] ReadMemory at 0x20dcb07d950 of 132 bytes failed: Запрос ReadProcessMemory или WriteProcessMemory был выполнен только частично. (0x12B)
[0512/164702.605:ERROR:process_memory_win.cc(73)] ReadMemory at 0x20dcb07dcb0 of 80 bytes failed: Запрос ReadProcessMemory или WriteProcessMemory был выполнен только частично. (0x12B)
[0512/164702.605:ERROR:process_memory_win.cc(73)] ReadMemory at 0x20dcb07e7d0 of 60 bytes failed: Запрос ReadProcessMemory или WriteProcessMemory был выполнен только частично. (0x12B)
[0512/164702.606:ERROR:process_memory_win.cc(73)] ReadMemory at 0x20dcb07e820 of 62 bytes failed: Запрос ReadProcessMemory или WriteProcessMemory был выполнен только частично. (0x12B)
[0512/164702.606:ERROR:process_memory_win.cc(73)] ReadMemory at 0x20dcb07e8c0 of 64 bytes failed: Запрос ReadProcessMemory или WriteProcessMemory был выполнен только частично. (0x12B)
[0512/164702.606:ERROR:process_memory_win.cc(73)] ReadMemory at 0x20dcb07e910 of 64 bytes failed: Запрос ReadProcessMemory или WriteProcessMemory был выполнен только частично. (0x12B)
[0512/164702.606:ERROR:process_memory_win.cc(73)] ReadMemory at 0x20dcb07e960 of 64 bytes failed: Запрос ReadProcessMemory или WriteProcessMemory был выполнен только частично. (0x12B)
[0512/164702.606:ERROR:process_memory_win.cc(73)] ReadMemory at 0x20dcb07ea00 of 62 bytes failed: Запрос ReadProcessMemory или WriteProcessMemory был выполнен только частично. (0x12B)
[0512/164702.607:ERROR:process_memory_win.cc(73)] ReadMemory at 0x20dcb07ee60 of 60 bytes failed: Запрос ReadProcessMemory или WriteProcessMemory был выполнен только частично. (0x12B)
[0512/164702.607:ERROR:process_memory_win.cc(73)] ReadMemory at 0x20dcb07eeb0 of 66 bytes failed: Запрос ReadProcessMemory или WriteProcessMemory был выполнен только частично. (0x12B)
[0512/164702.607:ERROR:process_memory_win.cc(73)] ReadMemory at 0x20dcb07ef00 of 64 bytes failed: Запрос ReadProcessMemory или WriteProcessMemory был выполнен только частично. (0x12B)
[0512/164702.607:ERROR:process_memory_win.cc(73)] ReadMemory at 0x20dcb07f040 of 76 bytes failed: Запрос ReadProcessMemory или WriteProcessMemory был выполнен только частично. (0x12B)
[0512/164702.607:ERROR:process_memory_win.cc(73)] ReadMemory at 0x20dcb07fdc0 of 80 bytes failed: Запрос ReadProcessMemory или WriteProcessMemory был выполнен только частично. (0x12B)
[0512/164702.607:ERROR:process_memory_win.cc(73)] ReadMemory at 0x20dcb081c80 of 54 bytes failed: Запрос ReadProcessMemory или WriteProcessMemory был выполнен только частично. (0x12B)
[0512/164702.607:ERROR:process_memory_win.cc(73)] ReadMemory at 0x20dcb0829d0 of 132 bytes failed: Запрос ReadProcessMemory или WriteProcessMemory был выполнен только частично. (0x12B)
[0512/164702.608:ERROR:process_memory_win.cc(73)] ReadMemory at 0x20dcb082bf0 of 132 bytes failed: Запрос ReadProcessMemory или WriteProcessMemory был выполнен только частично. (0x12B)
[0512/164702.608:ERROR:process_memory_win.cc(73)] ReadMemory at 0x20dcb083740 of 132 bytes failed: Запрос ReadProcessMemory или WriteProcessMemory был выполнен только частично. (0x12B)
[0512/164702.608:ERROR:process_memory_win.cc(73)] ReadMemory at 0x20dcb084fa0 of 132 bytes failed: Запрос ReadProcessMemory или WriteProcessMemory был выполнен только частично. (0x12B)
[0512/164702.608:ERROR:process_memory_win.cc(73)] ReadMemory at 0x20dcb086c00 of 132 bytes failed: Запрос ReadProcessMemory или WriteProcessMemory был выполнен только частично. (0x12B)
[0512/164702.608:ERROR:process_memory_win.cc(73)] ReadMemory at 0x20dcb086d30 of 132 bytes failed: Запрос ReadProcessMemory или WriteProcessMemory был выполнен только частично. (0x12B)
[0512/164702.608:ERROR:process_memory_win.cc(73)] ReadMemory at 0x20dcb086e60 of 132 bytes failed: Запрос ReadProcessMemory или WriteProcessMemory был выполнен только частично. (0x12B)
[0512/164702.608:ERROR:process_memory_win.cc(73)] ReadMemory at 0x20dcb086f90 of 132 bytes failed: Запрос ReadProcessMemory или WriteProcessMemory был выполнен только частично. (0x12B)
[0512/164702.608:ERROR:process_memory_win.cc(73)] ReadMemory at 0x20dcb0870c0 of 132 bytes failed: Запрос ReadProcessMemory или WriteProcessMemory был выполнен только частично. (0x12B)
[0512/164702.609:ERROR:process_memory_win.cc(73)] ReadMemory at 0x20dcb0871f0 of 132 bytes failed: Запрос ReadProcessMemory или WriteProcessMemory был выполнен только частично. (0x12B)
[0512/164702.609:ERROR:process_memory_win.cc(73)] ReadMemory at 0x20dcb087320 of 132 bytes failed: Запрос ReadProcessMemory или WriteProcessMemory был выполнен только частично. (0x12B)
[0512/164702.609:ERROR:process_memory_win.cc(73)] ReadMemory at 0x20dcb087580 of 132 bytes failed: Запрос ReadProcessMemory или WriteProcessMemory был выполнен только частично. (0x12B)
[0512/164702.609:ERROR:process_memory_win.cc(73)] ReadMemory at 0x20dcb0876b0 of 132 bytes failed: Запрос ReadProcessMemory или WriteProcessMemory был выполнен только частично. (0x12B)
[0512/164702.609:ERROR:process_memory_win.cc(73)] ReadMemory at 0x20dcb0877e0 of 132 bytes failed: Запрос ReadProcessMemory или WriteProcessMemory был выполнен только частично. (0x12B)
[0512/164702.609:ERROR:process_memory_win.cc(73)] ReadMemory at 0x20dcb087910 of 132 bytes failed: Запрос ReadProcessMemory или WriteProcessMemory был выполнен только частично. (0x12B)
[0512/164702.609:ERROR:process_memory_win.cc(73)] ReadMemory at 0x20dcb087a40 of 132 bytes failed: Запрос ReadProcessMemory или WriteProcessMemory был выполнен только частично. (0x12B)
[0512/164702.609:ERROR:process_memory_win.cc(73)] ReadMemory at 0x20dcb088dd0 of 132 bytes failed: Запрос ReadProcessMemory или WriteProcessMemory был выполнен только частично. (0x12B)
[0512/164702.610:ERROR:process_memory_win.cc(73)] ReadMemory at 0x20dcb08a090 of 62 bytes failed: Запрос ReadProcessMemory или WriteProcessMemory был выполнен только частично. (0x12B)
[0512/164702.610:ERROR:process_memory_win.cc(73)] ReadMemory at 0x20dcb08a270 of 62 bytes failed: Запрос ReadProcessMemory или WriteProcessMemory был выполнен только частично. (0x12B)
[0512/164702.610:ERROR:process_memory_win.cc(73)] ReadMemory at 0x20dcb08a310 of 66 bytes failed: Запрос ReadProcessMemory или WriteProcessMemory был выполнен только частично. (0x12B)
[0512/164702.610:ERROR:process_memory_win.cc(73)] ReadMemory at 0x20dcb08a450 of 60 bytes failed: Запрос ReadProcessMemory или WriteProcessMemory был выполнен только частично. (0x12B)
[0512/164702.610:ERROR:process_memory_win.cc(73)] ReadMemory at 0x20dcb08a4a0 of 62 bytes failed: Запрос ReadProcessMemory или WriteProcessMemory был выполнен только частично. (0x12B)
[0512/164702.611:ERROR:process_memory_win.cc(73)] ReadMemory at 0x20dcb08a540 of 64 bytes failed: Запрос ReadProcessMemory или WriteProcessMemory был выполнен только частично. (0x12B)
[0512/164702.611:ERROR:process_memory_win.cc(73)] ReadMemory at 0x20dcb08a630 of 64 bytes failed: Запрос ReadProcessMemory или WriteProcessMemory был выполнен только частично. (0x12B)
[0512/164702.611:ERROR:process_memory_win.cc(73)] ReadMemory at 0x20dcb08a680 of 60 bytes failed: Запрос ReadProcessMemory или WriteProcessMemory был выполнен только частично. (0x12B)
[0512/164702.611:ERROR:process_memory_win.cc(73)] ReadMemory at 0x20dcb08a8b0 of 64 bytes failed: Запрос ReadProcessMemory или WriteProcessMemory был выполнен только частично. (0x12B)
[0512/164702.611:ERROR:process_memory_win.cc(73)] ReadMemory at 0x20dcb08a950 of 64 bytes failed: Запрос ReadProcessMemory или WriteProcessMemory был выполнен только частично. (0x12B)
[0512/164702.612:ERROR:process_memory_win.cc(73)] ReadMemory at 0x20dcb08a9a0 of 60 bytes failed: Запрос ReadProcessMemory или WriteProcessMemory был выполнен только частично. (0x12B)
[0512/164702.612:ERROR:process_memory_win.cc(73)] ReadMemory at 0x20dcb08a9f0 of 62 bytes failed: Запрос ReadProcessMemory или WriteProcessMemory был выполнен только частично. (0x12B)
[0512/164702.612:ERROR:process_memory_win.cc(73)] ReadMemory at 0x20dcb08ab80 of 58 bytes failed: Запрос ReadProcessMemory или WriteProcessMemory был выполнен только частично. (0x12B)
[0512/164702.612:ERROR:process_memory_win.cc(73)] ReadMemory at 0x20dcb08ac20 of 62 bytes failed: Запрос ReadProcessMemory или WriteProcessMemory был выполнен только частично. (0x12B)
[0512/164702.612:ERROR:process_memory_win.cc(73)] ReadMemory at 0x20dcb08acc0 of 62 bytes failed: Запрос ReadProcessMemory или WriteProcessMemory был выполнен только частично. (0x12B)
[0512/164702.613:ERROR:process_memory_win.cc(73)] ReadMemory at 0x20dcb08adb0 of 62 bytes failed: Запрос ReadProcessMemory или WriteProcessMemory был выполнен только частично. (0x12B)
[0512/164702.613:ERROR:process_memory_win.cc(73)] ReadMemory at 0x20dcb08ae50 of 62 bytes failed: Запрос ReadProcessMemory или WriteProcessMemory был выполнен только частично. (0x12B)
[0512/164702.613:ERROR:process_memory_win.cc(73)] ReadMemory at 0x20dcb08aea0 of 60 bytes failed: Запрос ReadProcessMemory или WriteProcessMemory был выполнен только частично. (0x12B)
[0512/164702.613:ERROR:process_memory_win.cc(73)] ReadMemory at 0x20dcb08b130 of 132 bytes failed: Запрос ReadProcessMemory или WriteProcessMemory был выполнен только частично. (0x12B)
[0512/164702.613:ERROR:process_memory_win.cc(73)] ReadMemory at 0x20dcb08bbe0 of 132 bytes failed: Запрос ReadProcessMemory или WriteProcessMemory был выполнен только частично. (0x12B)
[0512/164702.613:ERROR:process_memory_win.cc(73)] ReadMemory at 0x20dcb08bd10 of 132 bytes failed: Запрос ReadProcessMemory или WriteProcessMemory был выполнен только частично. (0x12B)
[0512/164702.613:ERROR:process_memory_win.cc(73)] ReadMemory at 0x20dcb08be40 of 132 bytes failed: Запрос ReadProcessMemory или WriteProcessMemory был выполнен только частично. (0x12B)
[0512/164702.614:ERROR:process_memory_win.cc(73)] ReadMemory at 0x20dcb08c430 of 132 bytes failed: Запрос ReadProcessMemory или WriteProcessMemory был выполнен только частично. (0x12B)
[0512/164702.614:ERROR:process_memory_win.cc(73)] ReadMemory at 0x20dcb08c7c0 of 132 bytes failed: Запрос ReadProcessMemory или WriteProcessMemory был выполнен только частично. (0x12B)
[0512/164702.614:ERROR:process_memory_win.cc(73)] ReadMemory at 0x20dcb08c8f0 of 132 bytes failed: Запрос ReadProcessMemory или WriteProcessMemory был выполнен только частично. (0x12B)
[0512/164702.614:ERROR:process_memory_win.cc(73)] ReadMemory at 0x20dcb08cb50 of 132 bytes failed: Запрос ReadProcessMemory или WriteProcessMemory был выполнен только частично. (0x12B)
[0512/164702.614:ERROR:process_memory_win.cc(73)] ReadMemory at 0x20dcb08cc80 of 132 bytes failed: Запрос ReadProcessMemory или WriteProcessMemory был выполнен только частично. (0x12B)
[0512/164702.614:ERROR:process_memory_win.cc(73)] ReadMemory at 0x20dcb08cdb0 of 132 bytes failed: Запрос ReadProcessMemory или WriteProcessMemory был выполнен только частично. (0x12B)
[0512/164702.615:ERROR:process_memory_win.cc(73)] ReadMemory at 0x20dcb0a3300 of 512 bytes failed: Запрос ReadProcessMemory или WriteProcessMemory был выполнен только частично. (0x12B)
[0512/164702.615:ERROR:process_memory_win.cc(73)] ReadMemory at 0x20dcb0a4090 of 512 bytes failed: Запрос ReadProcessMemory или WriteProcessMemory был выполнен только частично. (0x12B)
[0512/164702.615:ERROR:process_memory_win.cc(73)] ReadMemory at 0x20dcb3b0000 of 384 bytes failed: Запрос ReadProcessMemory или WriteProcessMemory был выполнен только частично. (0x12B)
[0512/164702.615:ERROR:process_memory_win.cc(73)] ReadMemory at 0x20dcb3b0d00 of 512 bytes failed: Запрос ReadProcessMemory или WriteProcessMemory был выполнен только частично. (0x12B)
[0512/164702.615:ERROR:process_memory_win.cc(73)] ReadMemory at 0x20dcb3b1c00 of 704 bytes failed: Запрос ReadProcessMemory или WriteProcessMemory был выполнен только частично. (0x12B)
[0512/164702.616:ERROR:process_memory_win.cc(73)] ReadMemory at 0x20dcb8ad488 of 512 bytes failed: Запрос ReadProcessMemory или WriteProcessMemory был выполнен только частично. (0x12B)
[0512/164702.616:ERROR:process_memory_win.cc(73)] ReadMemory at 0x20dcb8c1a60 of 512 bytes failed: Запрос ReadProcessMemory или WriteProcessMemory был выполнен только частично. (0x12B)
[0512/164702.616:ERROR:process_memory_win.cc(73)] ReadMemory at 0x20dcb8c3570 of 992 bytes failed: Запрос ReadProcessMemory или WriteProcessMemory был выполнен только частично. (0x12B)
[0512/164702.616:ERROR:process_memory_win.cc(73)] ReadMemory at 0x20dcb8c4b30 of 512 bytes failed: Запрос ReadProcessMemory или WriteProcessMemory был выполнен только частично. (0x12B)
[0512/164702.616:ERROR:process_memory_win.cc(73)] ReadMemory at 0x20dcb8eaaa0 of 712 bytes failed: Запрос ReadProcessMemory или WriteProcessMemory был выполнен только частично. (0x12B)
[0512/164702.617:ERROR:process_memory_win.cc(73)] ReadMemory at 0x20dcb8f88c0 of 512 bytes failed: Запрос ReadProcessMemory или WriteProcessMemory был выполнен только частично. (0x12B)
[0512/164702.617:ERROR:process_memory_win.cc(73)] ReadMemory at 0x20dcb9004b0 of 552 bytes failed: Запрос ReadProcessMemory или WriteProcessMemory был выполнен только частично. (0x12B)
[0512/164702.617:ERROR:process_memory_win.cc(73)] ReadMemory at 0x20dccfebc50 of 512 bytes failed: Запрос ReadProcessMemory или WriteProcessMemory был выполнен только частично. (0x12B)
[0512/164702.617:ERROR:process_memory_win.cc(73)] ReadMemory at 0x20dcd00b9b0 of 512 bytes failed: Запрос ReadProcessMemory или WriteProcessMemory был выполнен только частично. (0x12B)
[0512/164702.617:ERROR:process_memory_win.cc(73)] ReadMemory at 0x20dcd01df50 of 512 bytes failed: Запрос ReadProcessMemory или WriteProcessMemory был выполнен только частично. (0x12B)
[0512/164702.617:ERROR:process_memory_win.cc(73)] ReadMemory at 0x20dcd0df520 of 512 bytes failed: Запрос ReadProcessMemory или WriteProcessMemory был выполнен только частично. (0x12B)
[0512/164702.617:ERROR:process_memory_win.cc(73)] ReadMemory at 0x20dcd136330 of 512 bytes failed: Запрос ReadProcessMemory или WriteProcessMemory был выполнен только частично. (0x12B)
[0512/164702.617:ERROR:process_memory_win.cc(73)] ReadMemory at 0x20dcd1a7750 of 512 bytes failed: Запрос ReadProcessMemory или WriteProcessMemory был выполнен только частично. (0x12B)
[0512/164702.618:ERROR:process_memory_win.cc(73)] ReadMemory at 0x20dcd65c5f0 of 704 bytes failed: Запрос ReadProcessMemory или WriteProcessMemory был выполнен только частично. (0x12B)
[0512/164702.618:ERROR:process_memory_win.cc(73)] ReadMemory at 0x20dcd65d9d0 of 512 bytes failed: Запрос ReadProcessMemory или WriteProcessMemory был выполнен только частично. (0x12B)
[0512/164702.618:ERROR:process_memory_win.cc(73)] ReadMemory at 0x20dcd788e90 of 512 bytes failed: Запрос ReadProcessMemory или WriteProcessMemory был выполнен только частично. (0x12B)
[0512/164702.618:ERROR:process_memory_win.cc(73)] ReadMemory at 0x20dcd91d190 of 512 bytes failed: Запрос ReadProcessMemory или WriteProcessMemory был выполнен только частично. (0x12B)
[0512/164702.618:ERROR:process_memory_win.cc(73)] ReadMemory at 0x20dcdc2c1d0 of 512 bytes failed: Запрос ReadProcessMemory или WriteProcessMemory был выполнен только частично. (0x12B)
[0512/164702.618:ERROR:process_memory_win.cc(73)] ReadMemory at 0x20dcdcf8898 of 512 bytes failed: Запрос ReadProcessMemory или WriteProcessMemory был выполнен только частично. (0x12B)
[0512/164702.618:ERROR:process_memory_win.cc(73)] ReadMemory at 0x20dcdcfc0a0 of 512 bytes failed: Запрос ReadProcessMemory или WriteProcessMemory был выполнен только частично. (0x12B)
[0512/164702.619:ERROR:process_memory_win.cc(73)] ReadMemory at 0x19a0d348b108 of 512 bytes failed: Запрос ReadProcessMemory или WriteProcessMemory был выполнен только частично. (0x12B)
[0512/164702.619:ERROR:process_memory_win.cc(73)] ReadMemory at 0x5214080412bc of 512 bytes failed: Запрос ReadProcessMemory или WriteProcessMemory был выполнен только частично. (0x12B)
[0512/164702.619:ERROR:process_memory_win.cc(73)] ReadMemory at 0x7ff9a5362681 of 512 bytes failed: Запрос ReadProcessMemory или WriteProcessMemory был выполнен только частично. (0x12B)
[0512/164702.619:ERROR:process_memory_win.cc(73)] ReadMemory at 0x7ff9abadd4d0 of 512 bytes failed: Запрос ReadProcessMemory или WriteProcessMemory был выполнен только частично. (0x12B)
[0512/164702.619:ERROR:process_memory_win.cc(73)] ReadMemory at 0x7ff9da51a7b9 of 512 bytes failed: Запрос ReadProcessMemory или WriteProcessMemory был выполнен только частично. (0x12B)
[0512/164702.619:ERROR:process_memory_win.cc(73)] ReadMemory at 0x7ff9da74b6d0 of 512 bytes failed: Запрос ReadProcessMemory или WriteProcessMemory был выполнен только частично. (0x12B)
[0512/164702.620:ERROR:process_memory_win.cc(73)] ReadMemory at 0x7ff9dd19b997 of 512 bytes failed: Запрос ReadProcessMemory или WriteProcessMemory был выполнен только частично. (0x12B)
[0512/164702.620:ERROR:process_memory_win.cc(73)] ReadMemory at 0x7ff9dd1fc0c4 of 672 bytes failed: Запрос ReadProcessMemory или WriteProcessMemory был выполнен только частично. (0x12B)
[0512/164702.620:ERROR:process_memory_win.cc(73)] ReadMemory at 0x7ff9dd1fc6c4 of 512 bytes failed: Запрос ReadProcessMemory или WriteProcessMemory был выполнен только частично. (0x12B)
[0512/164702.620:ERROR:process_memory_win.cc(73)] ReadMemory at 0x7ff9dd1ff974 of 608 bytes failed: Запрос ReadProcessMemory или WriteProcessMemory был выполнен только частично. (0x12B)
[0512/164702.620:ERROR:process_memory_win.cc(73)] ReadMemory at 0x7ff9dd28c428 of 18 bytes failed: Запрос ReadProcessMemory или WriteProcessMemory был выполнен только частично. (0x12B)
[0512/164702.620:ERROR:process_memory_win.cc(73)] ReadMemory at 0x7ff9dd2bf4f8 of 40 bytes failed: Запрос ReadProcessMemory или WriteProcessMemory был выполнен только частично. (0x12B)
[0512/164702.620:ERROR:process_memory_win.cc(73)] ReadMemory at 0x7ff9dd2bf978 of 48 bytes failed: Запрос ReadProcessMemory или WriteProcessMemory был выполнен только частично. (0x12B)
[0512/164702.621:ERROR:process_memory_win.cc(73)] ReadMemory at 0x7ff9dd2c53c0 of 64 bytes failed: Запрос ReadProcessMemory или WriteProcessMemory был выполнен только частично. (0x12B)
[0512/164702.625:ERROR:scoped_process_suspend.cc(40)] NtResumeProcess: Попытка доступа к процессу, выполняющему процедуру завершения. (0xc000010a)
